# JRE version: OpenJDK Runtime Environment (15.0.1+9) (build 15.0.1+9-18)
# Java VM: OpenJDK 64-Bit Server VM (15.0.1+9-18, mixed mode, tiered, compressed oops, g1 gc, windows-amd64)
GC Precious Log:
 CPUs: 2 total, 2 available
 Memory: 3977M
 Large Page Support: Disabled
 NUMA Support: Disabled
 Compressed Oops: Enabled (32-bit)
 Heap Region Size: 1M
 Heap Min Capacity: 8M
 Heap Initial Capacity: 64M
 Heap Max Capacity: 996M
 Pre-touch: Disabled
 Parallel Workers: 2
 Concurrent Workers: 1
 Concurrent Refinement Workers: 2
 Periodic GC: Disabled
Heap:
 garbage-first heap   total 227328K, used 40535K [0x00000000c1c00000, 0x0000000100000000)
  region size 1024K, 1 young (1024K), 1 survivors (1024K)
 Metaspace       used 77425K, capacity 78185K, committed 78416K, reserved 1118208K
  class space    used 10247K, capacity 10463K, committed 10496K, reserved 1048576K
GC Heap History (20 events):
Event: 328.919 GC heap after
{Heap after GC invocations=46 (full 0):
 garbage-first heap   total 75776K, used 40507K [0x00000000c1c00000, 0x0000000100000000)
  region size 1024K, 2 young (2048K), 2 survivors (2048K)
 Metaspace       used 77414K, capacity 78121K, committed 78160K, reserved 1118208K
  class space    used 10246K, capacity 10463K, committed 10496K, reserved 1048576K
}
Event: 343.472 GC heap before
{Heap before GC invocations=46 (full 0):
 garbage-first heap   total 75776K, used 41531K [0x00000000c1c00000, 0x0000000100000000)
  region size 1024K, 3 young (3072K), 2 survivors (2048K)
 Metaspace       used 77415K, capacity 78121K, committed 78160K, reserved 1118208K
  class space    used 10246K, capacity 10463K, committed 10496K, reserved 1048576K
}
Event: 344.636 GC heap after
{Heap after GC invocations=47 (full 0):
 garbage-first heap   total 75776K, used 40666K [0x00000000c1c00000, 0x0000000100000000)
  region size 1024K, 1 young (1024K), 1 survivors (1024K)
 Metaspace       used 77415K, capacity 78121K, committed 78160K, reserved 1118208K
  class space    used 10246K, capacity 10463K, committed 10496K, reserved 1048576K
}
Event: 400.631 GC heap before
{Heap before GC invocations=48 (full 0):
 garbage-first heap   total 75776K, used 42714K [0x00000000c1c00000, 0x0000000100000000)
  region size 1024K, 3 young (3072K), 1 survivors (1024K)
 Metaspace       used 77422K, capacity 78185K, committed 78416K, reserved 1118208K
  class space    used 10246K, capacity 10463K, committed 10496K, reserved 1048576K
}
Event: 411.397 GC heap after
{Heap after GC invocations=49 (full 0):
 garbage-first heap   total 75776K, used 40602K [0x00000000c1c00000, 0x0000000100000000)
  region size 1024K, 1 young (1024K), 1 survivors (1024K)
 Metaspace       used 77422K, capacity 78185K, committed 78416K, reserved 1118208K
  class space    used 10246K, capacity 10463K, committed 10496K, reserved 1048576K
}
Event: 448.794 GC heap before
{Heap before GC invocations=49 (full 0):
 garbage-first heap   total 75776K, used 42650K [0x00000000c1c00000, 0x0000000100000000)
  region size 1024K, 3 young (3072K), 1 survivors (1024K)
 Metaspace       used 77424K, capacity 78185K, committed 78416K, reserved 1118208K
  class space    used 10247K, capacity 10463K, committed 10496K, reserved 1048576K
}
Event: 448.865 GC heap after
{Heap after GC invocations=50 (full 0):
 garbage-first heap   total 75776K, used 40569K [0x00000000c1c00000, 0x0000000100000000)
  region size 1024K, 1 young (1024K), 1 survivors (1024K)
 Metaspace       used 77424K, capacity 78185K, committed 78416K, reserved 1118208K
  class space    used 10247K, capacity 10463K, committed 10496K, reserved 1048576K
}
Event: 476.921 GC heap before
{Heap before GC invocations=51 (full 0):
 garbage-first heap   total 75776K, used 42617K [0x00000000c1c00000, 0x0000000100000000)
  region size 1024K, 3 young (3072K), 1 survivors (1024K)
 Metaspace       used 77424K, capacity 78185K, committed 78416K, reserved 1118208K
  class space    used 10247K, capacity 10463K, committed 10496K, reserved 1048576K
}
Event: 477.114 GC heap after
{Heap after GC invocations=52 (full 0):
 garbage-first heap   total 75776K, used 40512K [0x00000000c1c00000, 0x0000000100000000)
  region size 1024K, 1 young (1024K), 1 survivors (1024K)
 Metaspace       used 77424K, capacity 78185K, committed 78416K, reserved 1118208K
  class space    used 10247K, capacity 10463K, committed 10496K, reserved 1048576K
}
Event: 504.366 GC heap before
{Heap before GC invocations=52 (full 0):
 garbage-first heap   total 75776K, used 42560K [0x00000000c1c00000, 0x0000000100000000)
  region size 1024K, 3 young (3072K), 1 survivors (1024K)
 Metaspace       used 77424K, capacity 78185K, committed 78416K, reserved 1118208K
  class space    used 10247K, capacity 10463K, committed 10496K, reserved 1048576K
}
Event: 504.506 GC heap after
{Heap after GC invocations=53 (full 0):
 garbage-first heap   total 75776K, used 40477K [0x00000000c1c00000, 0x0000000100000000)
  region size 1024K, 1 young (1024K), 1 survivors (1024K)
 Metaspace       used 77424K, capacity 78185K, committed 78416K, reserved 1118208K
  class space    used 10247K, capacity 10463K, committed 10496K, reserved 1048576K
}
Event: 531.349 GC heap before
{Heap before GC invocations=54 (full 0):
 garbage-first heap   total 75776K, used 42525K [0x00000000c1c00000, 0x0000000100000000)
  region size 1024K, 3 young (3072K), 1 survivors (1024K)
 Metaspace       used 77424K, capacity 78185K, committed 78416K, reserved 1118208K
  class space    used 10247K, capacity 10463K, committed 10496K, reserved 1048576K
}
Event: 531.460 GC heap after
{Heap after GC invocations=55 (full 0):
 garbage-first heap   total 75776K, used 40518K [0x00000000c1c00000, 0x0000000100000000)
  region size 1024K, 1 young (1024K), 1 survivors (1024K)
 Metaspace       used 77424K, capacity 78185K, committed 78416K, reserved 1118208K
  class space    used 10247K, capacity 10463K, committed 10496K, reserved 1048576K
}
Event: 559.557 GC heap before
{Heap before GC invocations=55 (full 0):
 garbage-first heap   total 75776K, used 42566K [0x00000000c1c00000, 0x0000000100000000)
  region size 1024K, 3 young (3072K), 1 survivors (1024K)
 Metaspace       used 77424K, capacity 78185K, committed 78416K, reserved 1118208K
  class space    used 10247K, capacity 10463K, committed 10496K, reserved 1048576K
}
Event: 559.560 GC heap after
{Heap after GC invocations=56 (full 0):
 garbage-first heap   total 75776K, used 40471K [0x00000000c1c00000, 0x0000000100000000)
  region size 1024K, 1 young (1024K), 1 survivors (1024K)
 Metaspace       used 77424K, capacity 78185K, committed 78416K, reserved 1118208K
  class space    used 10247K, capacity 10463K, committed 10496K, reserved 1048576K
}
Event: 586.519 GC heap before
{Heap before GC invocations=57 (full 0):
 garbage-first heap   total 75776K, used 42519K [0x00000000c1c00000, 0x0000000100000000)
  region size 1024K, 3 young (3072K), 1 survivors (1024K)
 Metaspace       used 77425K, capacity 78185K, committed 78416K, reserved 1118208K
  class space    used 10247K, capacity 10463K, committed 10496K, reserved 1048576K
}
Event: 586.525 GC heap after
{Heap after GC invocations=58 (full 0):
 garbage-first heap   total 75776K, used 40509K [0x00000000c1c00000, 0x0000000100000000)
  region size 1024K, 1 young (1024K), 1 survivors (1024K)
 Metaspace       used 77425K, capacity 78185K, committed 78416K, reserved 1118208K
  class space    used 10247K, capacity 10463K, committed 10496K, reserved 1048576K
}
Event: 614.316 GC heap before
{Heap before GC invocations=58 (full 0):
 garbage-first heap   total 75776K, used 42557K [0x00000000c1c00000, 0x0000000100000000)
  region size 1024K, 3 young (3072K), 1 survivors (1024K)
 Metaspace       used 77425K, capacity 78185K, committed 78416K, reserved 1118208K
  class space    used 10247K, capacity 10463K, committed 10496K, reserved 1048576K
}
Event: 615.110 GC heap after
{Heap after GC invocations=59 (full 0):
 garbage-first heap   total 75776K, used 40495K [0x00000000c1c00000, 0x0000000100000000)
  region size 1024K, 1 young (1024K), 1 survivors (1024K)
 Metaspace       used 77425K, capacity 78185K, committed 78416K, reserved 1118208K
  class space    used 10247K, capacity 10463K, committed 10496K, reserved 1048576K
}
Event: 641.789 GC heap before
{Heap before GC invocations=60 (full 0):
 garbage-first heap   total 75776K, used 42543K [0x00000000c1c00000, 0x0000000100000000)
  region size 1024K, 3 young (3072K), 1 survivors (1024K)
 Metaspace       used 77425K, capacity 78185K, committed 78416K, reserved 1118208K
  class space    used 10247K, capacity 10463K, committed 10496K, reserved 1048576K
}

